<testsuites>
  <!--Report is generated by Rally $VERSION at $TIME-->
  <testsuite errors="0" failures="1" id="task-uu-ii-dd" skipped="0" tests="2" time="75.00" timestamp="2017-06-04T05:14:00">
    <testcase classname="CinderVolumes" id="workload-1-uuid" name="list_volumes" time="29.97" timestamp="2017-06-04T05:14:44" />
    <testcase classname="NovaServers" id="workload-2-uuid" name="list_keypairs" time="5.00" timestamp="2017-06-04T05:15:15">
      <failure>ooops</failure>
    </testcase>
  </testsuite>
</testsuites>
